MPASM 5.71                   LIGAMOTORES.ASM   3-6-2024  10:31:47         PAGE  1


LOC  OBJECT CODE     LINE SOURCE TEXT
  VALUE

                      00001 ; TODO INSERT CONFIG CODE HERE USING CONFIG BITS GENERATOR
                      00002 
                      00003 ; TODO INSERT CONFIG CODE HERE USING CONFIG BITS GENERATOR
                      00004 #include "p16f628a.inc"
                      00001         LIST
                      00002 
                      00003 ;==========================================================================
                      00004 ; Build date : Nov 17 2016
                      00005 ;  MPASM PIC16F628A processor include
                      00006 ; 
                      00007 ;  (c) Copyright 1999-2016 Microchip Technology, All rights reserved
                      00008 ;==========================================================================
                      00009 
Message[301]: MESSAGE: (Processor-header file mismatch.  Verify selected processor.)
                      00386         LIST
                      00005 
                      00006 ; CONFIG
                      00007 ; __config 0xFF70
2007   3F70           00008  __CONFIG _FOSC_INTOSCIO & _WDTE_OFF & _PWRTE_ON & _MCLRE_ON & _BOREN_ON & _LVP_OFF & _CPD_OFF & _CP_OFF
                      00009 RES_VECT  CODE    0x0000            ; processor reset vector
Warning[203]: Found opcode in column 1. (BSF)
0000   1683           00010 BSF     STATUS,RP0
Warning[203]: Found opcode in column 1. (BCF)
Message[302]: Register in operand not in bank 0.  Ensure that bank bits are correct.
0001   1006           00011 BCF     TRISB,0
Warning[203]: Found opcode in column 1. (BCF)
Message[302]: Register in operand not in bank 0.  Ensure that bank bits are correct.
0002   1086           00012 BCF     TRISB,1
Warning[203]: Found opcode in column 1. (BCF)
Message[302]: Register in operand not in bank 0.  Ensure that bank bits are correct.
0003   1106           00013 BCF     TRISB,2
Warning[203]: Found opcode in column 1. (BCF)
Message[302]: Register in operand not in bank 0.  Ensure that bank bits are correct.
0004   1186           00014 BCF     TRISB,3
Warning[203]: Found opcode in column 1. (BCF)
Message[302]: Register in operand not in bank 0.  Ensure that bank bits are correct.
0005   1005           00015 BCF     TRISA,0
Warning[203]: Found opcode in column 1. (BCF)
0006   1283           00016 BCF     STATUS,RP0
Warning[203]: Found opcode in column 1. (BCF)
0007   1005           00017 BCF     PORTA,0
Warning[203]: Found opcode in column 1. (BCF)
0008   1006           00018 BCF     PORTB,0
Warning[203]: Found opcode in column 1. (BCF)
0009   1086           00019 BCF     PORTB,1
Warning[203]: Found opcode in column 1. (BSF)
000A   1506           00020 BSF     PORTB,2
Warning[203]: Found opcode in column 1. (BCF)
000B   1186           00021 BCF     PORTB,3
                      00022 
000C                  00023 NO1
000C   1D85           00024   BTFSS     PORTA,3
000D   2???           00025   GOTO      NO2 
MPASM 5.71                   LIGAMOTORES.ASM   3-6-2024  10:31:47         PAGE  2


LOC  OBJECT CODE     LINE SOURCE TEXT
  VALUE

000E                  00026 NO3
000E   1A05           00027   BTFSC     PORTA,4
000F   2???           00028   GOTO      HORARIOPRESS
0010   2???           00029   GOTO      NO4
0011                  00030 HORARIOPRESS
0011   1186           00031   BCF       PORTB,3
0012   1885           00032   BTFSC     PORTA,1
0013   2???           00033   GOTO      ANTIHORARIOPRESS
0014   2???           00034   GOTO      NO5
0015                  00035 ANTIHORARIOPRESS
0015   1905           00036   BTFSC     PORTA,2
0016   2???           00037   GOTO      NO1
0017   2???           00038   GOTO      NO6  
0018                  00039 NO2
0018   1005           00040   BCF       PORTA,0
0019   1006           00041   BCF       PORTB,0
001A   1086           00042   BCF       PORTB,1
001B   1506           00043   BSF       PORTB,2
001C   2???           00044   GOTO      NO1
                      00045   
001D                  00046 NO4
001D   1005           00047   BCF       PORTA,0
001E   1006           00048   BCF       PORTB,0
001F   1086           00049   BCF       PORTB,1
0020   1506           00050   BSF       PORTB,2
0021   1586           00051   BSF       PORTB,3  
0022                  00052 DESLIGAPRESS
0022   1985           00053   BTFSC     PORTA,3
0023   2???           00054   GOTO      DESLIGAPRESS
0024   1106           00055   BCF       PORTB,2
0025   2???           00056   GOTO      NO1 
0026                  00057 NO5
0026   1886           00058   BTFSC     PORTB,1
0027   2???           00059   GOTO      NO1
0028   1405           00060   BSF       PORTA,0
0029   1406           00061   BSF       PORTB,0 
002A   1106           00062   BCF       PORTB,2
002B   2???           00063   GOTO      NO1
                      00064   
002C                  00065 NO6
002C   1806           00066   BTFSC     PORTB,0
002D   2???           00067   GOTO      NO1
002E   1405           00068   BSF       PORTA,0
002F   1486           00069   BSF       PORTB,1
0030   1106           00070   BCF       PORTB,2
0031   2???           00071   GOTO      NO1
                      00072     
                      00073                                     ; go to beginning of program
Warning[205]: Found directive in column 1. (END)
3F70                  00074 END
MPASM 5.71                   LIGAMOTORES.ASM   3-6-2024  10:31:47         PAGE  3


SYMBOL TABLE
  LABEL                             VALUE 

ADDEN                             00000003
ADEN                              00000003
ANTIHORARIOPRESS                  00000015
BRGH                              00000002
C                                 00000000
C1INV                             00000004
C1OUT                             00000006
C2INV                             00000005
C2OUT                             00000007
CCP1CON                           00000017
CCP1IE                            00000002
CCP1IF                            00000002
CCP1M0                            00000000
CCP1M1                            00000001
CCP1M2                            00000002
CCP1M3                            00000003
CCP1X                             00000005
CCP1Y                             00000004
CCPR1                             00000015
CCPR1H                            00000016
CCPR1L                            00000015
CIS                               00000003
CM0                               00000000
CM1                               00000001
CM2                               00000002
CMCON                             0000001F
CMIE                              00000006
CMIF                              00000006
CREN                              00000004
CSRC                              00000007
DATA_CP_OFF                       00003FFF
DATA_CP_ON                        00003EFF
DC                                00000001
DESLIGAPRESS                      00000022
EEADR                             0000009B
EECON1                            0000009C
EECON2                            0000009D
EEDATA                            0000009A
EEIE                              00000007
EEIF                              00000007
F                                 00000001
FERR                              00000002
FSR                               00000004
GIE                               00000007
HORARIOPRESS                      00000011
INDF                              00000000
INTCON                            0000000B
INTE                              00000004
INTEDG                            00000006
INTF                              00000001
IRP                               00000007
NO1                               0000000C
NO2                               00000018
MPASM 5.71                   LIGAMOTORES.ASM   3-6-2024  10:31:47         PAGE  4


SYMBOL TABLE
  LABEL                             VALUE 

NO3                               0000000E
NO4                               0000001D
NO5                               00000026
NO6                               0000002C
NOT_BO                            00000000
NOT_BOD                           00000000
NOT_BOR                           00000000
NOT_PD                            00000003
NOT_POR                           00000001
NOT_RBPU                          00000007
NOT_T1SYNC                        00000002
NOT_TO                            00000004
OERR                              00000001
OPTION_REG                        00000081
OSCF                              00000003
PCL                               00000002
PCLATH                            0000000A
PCON                              0000008E
PEIE                              00000006
PIE1                              0000008C
PIR1                              0000000C
PORTA                             00000005
PORTB                             00000006
PR2                               00000092
PS0                               00000000
PS1                               00000001
PS2                               00000002
PSA                               00000003
RA0                               00000000
RA1                               00000001
RA2                               00000002
RA3                               00000003
RA4                               00000004
RA5                               00000005
RA6                               00000006
RA7                               00000007
RB0                               00000000
RB1                               00000001
RB2                               00000002
RB3                               00000003
RB4                               00000004
RB5                               00000005
RB6                               00000006
RB7                               00000007
RBIE                              00000003
RBIF                              00000000
RCIE                              00000005
RCIF                              00000005
RCREG                             0000001A
RCSTA                             00000018
RD                                00000000
RP0                               00000005
RP1                               00000006
MPASM 5.71                   LIGAMOTORES.ASM   3-6-2024  10:31:47         PAGE  5


SYMBOL TABLE
  LABEL                             VALUE 

RX9                               00000006
RX9D                              00000000
SPBRG                             00000099
SPEN                              00000007
SREN                              00000005
STATUS                            00000003
SYNC                              00000004
T0CS                              00000005
T0IE                              00000005
T0IF                              00000002
T0SE                              00000004
T1CKPS0                           00000004
T1CKPS1                           00000005
T1CON                             00000010
T1OSCEN                           00000003
T2CKPS0                           00000000
T2CKPS1                           00000001
T2CON                             00000012
TMR0                              00000001
TMR0IE                            00000005
TMR0IF                            00000002
TMR1                              0000000E
TMR1CS                            00000001
TMR1H                             0000000F
TMR1IE                            00000000
TMR1IF                            00000000
TMR1L                             0000000E
TMR1ON                            00000000
TMR2                              00000011
TMR2IE                            00000001
TMR2IF                            00000001
TMR2ON                            00000002
TOUTPS0                           00000003
TOUTPS1                           00000004
TOUTPS2                           00000005
TOUTPS3                           00000006
TRISA                             00000085
TRISA0                            00000000
TRISA1                            00000001
TRISA2                            00000002
TRISA3                            00000003
TRISA4                            00000004
TRISA5                            00000005
TRISA6                            00000006
TRISA7                            00000007
TRISB                             00000086
TRISB0                            00000000
TRISB1                            00000001
TRISB2                            00000002
TRISB3                            00000003
TRISB4                            00000004
TRISB5                            00000005
TRISB6                            00000006
MPASM 5.71                   LIGAMOTORES.ASM   3-6-2024  10:31:47         PAGE  6


SYMBOL TABLE
  LABEL                             VALUE 

TRISB7                            00000007
TRMT                              00000001
TX9                               00000006
TX9D                              00000000
TXEN                              00000005
TXIE                              00000004
TXIF                              00000004
TXREG                             00000019
TXSTA                             00000098
VR0                               00000000
VR1                               00000001
VR2                               00000002
VR3                               00000003
VRCON                             0000009F
VREN                              00000007
VROE                              00000006
VRR                               00000005
W                                 00000000
WR                                00000001
WREN                              00000002
WRERR                             00000003
Z                                 00000002
_BODEN_OFF                        00003FBF
_BODEN_ON                         00003FFF
_BOREN_OFF                        00003FBF
_BOREN_ON                         00003FFF
_CONFIG                           00002007
_CPD_OFF                          00003FFF
_CPD_ON                           00003EFF
_CP_OFF                           00003FFF
_CP_ON                            00001FFF
_DEVID1                           00002006
_ER_OSC_CLKOUT                    00003FFF
_ER_OSC_NOCLKOUT                  00003FFE
_EXTCLK_OSC                       00003FEF
_FOSC_ECIO                        00003FEF
_FOSC_EXTRCCLK                    00003FFF
_FOSC_EXTRCIO                     00003FFE
_FOSC_HS                          00003FEE
_FOSC_INTOSCCLK                   00003FFD
_FOSC_INTOSCIO                    00003FFC
_FOSC_LP                          00003FEC
_FOSC_XT                          00003FED
_HS_OSC                           00003FEE
_IDLOC0                           00002000
_IDLOC1                           00002001
_IDLOC2                           00002002
_IDLOC3                           00002003
_INTOSC_OSC_CLKOUT                00003FFD
_INTOSC_OSC_NOCLKOUT              00003FFC
_INTRC_OSC_CLKOUT                 00003FFD
_INTRC_OSC_NOCLKOUT               00003FFC
_LP_OSC                           00003FEC
MPASM 5.71                   LIGAMOTORES.ASM   3-6-2024  10:31:47         PAGE  7


SYMBOL TABLE
  LABEL                             VALUE 

_LVP_OFF                          00003F7F
_LVP_ON                           00003FFF
_MCLRE_OFF                        00003FDF
_MCLRE_ON                         00003FFF
_PWRTE_OFF                        00003FFF
_PWRTE_ON                         00003FF7
_RC_OSC_CLKOUT                    00003FFF
_RC_OSC_NOCLKOUT                  00003FFE
_WDTE_OFF                         00003FFB
_WDTE_ON                          00003FFF
_WDT_OFF                          00003FFB
_WDT_ON                           00003FFF
_XT_OSC                           00003FED
__16F627A                         00000001

Errors   :     0
Warnings :    13 reported,     0 suppressed
Messages :     6 reported,     0 suppressed

