MPASM 5.71                         TRAB5.ASM   3-20-2024  10:34:52         PAGE  1


LOC  OBJECT CODE     LINE SOURCE TEXT
  VALUE

                      00001 ; PIC16F628A Configuration Bit Settings
                      00002 ; Assembly source line config statements
                      00003 #include "p16f628a.inc"
                      00001         LIST
                      00002 
                      00003 ;==========================================================================
                      00004 ; Build date : Nov 17 2016
                      00005 ;  MPASM PIC16F628A processor include
                      00006 ; 
                      00007 ;  (c) Copyright 1999-2016 Microchip Technology, All rights reserved
                      00008 ;==========================================================================
                      00009 
                      00386         LIST
                      00004 ; CONFIG
                      00005 ; __config 0xFF70
2007   3F70           00006  __CONFIG _FOSC_INTOSCIO & _WDTE_OFF & _PWRTE_ON & _MCLRE_ON & _BOREN_ON & _LVP_OFF & _CPD_OFF & _CP_OFF
                      00007 
                      00008  #define BANK0  BCF STATUS,RP0
                      00009  #define BANK1  BSF STATUS,RP0
                      00010  #define bt1    PORTA,1
                      00011  #define bt2    PORTA,2
                      00012  #define bt3    PORTA,3
                      00013  ;nomeando posição da memória RAM
                      00014  CBLOCK 0x20
  00000020            00015     DELAY_1     ;0x20
  00000021            00016     DELAY_2     ;0x21
  00000022            00017     DELAY_3     ;0x22
  00000023            00018     DELAY_4     ;0x23
                      00019  ENDC
                      00020  
                      00021 ;saídas
                      00022 #define LED         PORTA,0         
                      00023  
                      00024 ;constantes 
  0000007D            00025 V_DELAY_1   equ     .125
  000000FA            00026 V_DELAY_2   equ     .250
  00000084            00027 V_DELAY_3   equ     .132
  000000FA            00028 V_DELAY_4   equ     .250
                      00029    
                      00030 ;=== programa ==============
                      00031 RES_VECT  CODE    0x0000    ;vetor de reset, indica a posição inicial do programa na FLASH
0000   1683           00032     BANK1                   ;seleciona o banco 1 da memória RAM
Message[302]: Register in operand not in bank 0.  Ensure that bank bits are correct.
0001   1005           00033     BCF     TRISA,0         ;configura o bir 0 do PORTA como saída
0002   1005           00034     BCF     LED 
0003   1283           00035     BANK0                   ;seleciona o banco 0 da memória RAM
                      00036     
0004                  00037 LACO_PRINCIPAL
0004   1C85           00038     BTFSS   bt1
0005   2???           00039     GOTO    PISCA_500MS
0006   1D05           00040     BTFSS   bt2
0007   2???           00041     GOTO    PISCA_200MS
0008   1D85           00042     BTFSS   bt3
MPASM 5.71                         TRAB5.ASM   3-20-2024  10:34:52         PAGE  2


LOC  OBJECT CODE     LINE SOURCE TEXT
  VALUE

0009   2???           00043     GOTO    DESLIGA_LED
000A   2???           00044     GOTO    LACO_PRINCIPAL  ;pula para repetir    
                      00045     
000B                  00046 DELAY_500MS
000B   307D           00047     MOVLW   V_DELAY_1           ;W = V_DELAY_1                          (1)
000C   00A0           00048     MOVWF   DELAY_1             ;DELAY_1 = V_DELAY_1                    (1)
000D                  00049 CARREGA_DELAY_2
000D   30FA           00050     MOVLW   V_DELAY_2           ;W = V_DELAY_2                          (1)
000E   00A1           00051     MOVWF   DELAY_2             ;DELAY_2 = V_DELAY_2                    (1)
000F                  00052 DECREMENTA_DELAY_2 
000F   0000           00053     NOP
0010   0000           00054     NOP
0011   0000           00055     NOP
0012   0000           00056     NOP
0013   0000           00057     NOP
0014   0000           00058     NOP
0015   0000           00059     NOP
0016   0000           00060     NOP
0017   0000           00061     NOP
0018   0000           00062     NOP
0019   0000           00063     NOP
001A   0000           00064     NOP
001B   0000           00065     NOP
001C   0BA1           00066     DECFSZ  DELAY_2,F           ;decrementa e testa se DELAY_2 zerou    (1/2)
001D   2???           00067     GOTO    DECREMENTA_DELAY_2  ;se não zerou, decrementa de novo       (2)
001E   0BA0           00068     DECFSZ  DELAY_1,F           ;decrementa e testa se DELAY_1 zerou    (1/2)
001F   2???           00069     GOTO    CARREGA_DELAY_2     ;se não zerou, repete tudo              (2)
0020   0008           00070     RETURN                      ;                                       (2)
                      00071     
0021                  00072 DELAY_200MS
0021   3084           00073     MOVLW   V_DELAY_3           ;W = V_DELAY_1                          (1)
0022   00A2           00074     MOVWF   DELAY_3             ;DELAY_1 = V_DELAY_1                    (1)
0023                  00075 CARREGA_DELAY_4
0023   30FA           00076     MOVLW   V_DELAY_4           ;W = V_DELAY_2                          (1)
0024   00A3           00077     MOVWF   DELAY_4             ;DELAY_2 = V_DELAY_2                    (1)
0025                  00078 DECREMENTA_DELAY_4 
0025   0000           00079     NOP
0026   0000           00080     NOP
0027   0000           00081     NOP
0028   0BA3           00082     DECFSZ  DELAY_4,F           ;decrementa e testa se DELAY_2 zerou    (1/2)
0029   2???           00083     GOTO    DECREMENTA_DELAY_4  ;se não zerou, decrementa de novo       (2)
002A   0BA2           00084     DECFSZ  DELAY_3,F           ;decrementa e testa se DELAY_1 zerou    (1/2)
002B   2???           00085     GOTO    CARREGA_DELAY_4     ;se não zerou, repete tudo              (2)
002C   0008           00086     RETURN   
                      00087 
002D                  00088 PISCA_200MS
002D   1D85           00089     BTFSS   bt3
002E   2???           00090     GOTO    LACO_PRINCIPAL 
002F   1405           00091     BSF     LED             ;liga a lâmpada conectada no pino 0 do PORTA
0030   2???           00092     CALL    DELAY_200MS     ;chama a subrotina de delay
0031   1005           00093     BCF     LED             ;apaga a lâmpada conectada no pino 0 do PORTA
0032   2???           00094     CALL    DELAY_200MS     ;chama a subrotina de delay
0033   2???           00095     GOTO    PISCA_200MS  ;pula para repetir
MPASM 5.71                         TRAB5.ASM   3-20-2024  10:34:52         PAGE  3


LOC  OBJECT CODE     LINE SOURCE TEXT
  VALUE

                      00096     
0034                  00097 PISCA_500MS
0034   1D85           00098     BTFSS   bt3
0035   2???           00099     GOTO    LACO_PRINCIPAL 
0036   1405           00100     BSF     LED             ;liga a lâmpada conectada no pino 0 do PORTA
0037   2???           00101     CALL    DELAY_500MS     ;chama a subrotina de delay
0038   1005           00102     BCF     LED             ;apaga a lâmpada conectada no pino 0 do PORTA
0039   2???           00103     CALL    DELAY_500MS     ;chama a subrotina de delay
003A   2???           00104     GOTO    PISCA_500MS  ;pula para repetir
                      00105     
003B                  00106 DESLIGA_LED
003B   1D85           00107     BTFSS   bt3
003C   1005           00108     BCF     LED
003D   2???           00109     GOTO    LACO_PRINCIPAL    
                      00110  
                      00111     
Warning[205]: Found directive in column 1. (END)
3F70                  00112 END
MPASM 5.71                         TRAB5.ASM   3-20-2024  10:34:52         PAGE  4


SYMBOL TABLE
  LABEL                             VALUE 

ADDEN                             00000003
ADEN                              00000003
BANK0                             BCF STATUS,RP0
BANK1                             BSF STATUS,RP0
BRGH                              00000002
C                                 00000000
C1INV                             00000004
C1OUT                             00000006
C2INV                             00000005
C2OUT                             00000007
CARREGA_DELAY_2                   0000000D
CARREGA_DELAY_4                   00000023
CCP1CON                           00000017
CCP1IE                            00000002
CCP1IF                            00000002
CCP1M0                            00000000
CCP1M1                            00000001
CCP1M2                            00000002
CCP1M3                            00000003
CCP1X                             00000005
CCP1Y                             00000004
CCPR1                             00000015
CCPR1H                            00000016
CCPR1L                            00000015
CIS                               00000003
CM0                               00000000
CM1                               00000001
CM2                               00000002
CMCON                             0000001F
CMIE                              00000006
CMIF                              00000006
CREN                              00000004
CSRC                              00000007
DATA_CP_OFF                       00003FFF
DATA_CP_ON                        00003EFF
DC                                00000001
DECREMENTA_DELAY_2                0000000F
DECREMENTA_DELAY_4                00000025
DELAY_1                           00000020
DELAY_2                           00000021
DELAY_200MS                       00000021
DELAY_3                           00000022
DELAY_4                           00000023
DELAY_500MS                       0000000B
DESLIGA_LED                       0000003B
EEADR                             0000009B
EECON1                            0000009C
EECON2                            0000009D
EEDATA                            0000009A
EEIE                              00000007
EEIF                              00000007
F                                 00000001
FERR                              00000002
MPASM 5.71                         TRAB5.ASM   3-20-2024  10:34:52         PAGE  5


SYMBOL TABLE
  LABEL                             VALUE 

FSR                               00000004
GIE                               00000007
INDF                              00000000
INTCON                            0000000B
INTE                              00000004
INTEDG                            00000006
INTF                              00000001
IRP                               00000007
LACO_PRINCIPAL                    00000004
LED                               PORTA,0
NOT_BO                            00000000
NOT_BOD                           00000000
NOT_BOR                           00000000
NOT_PD                            00000003
NOT_POR                           00000001
NOT_RBPU                          00000007
NOT_T1SYNC                        00000002
NOT_TO                            00000004
OERR                              00000001
OPTION_REG                        00000081
OSCF                              00000003
PCL                               00000002
PCLATH                            0000000A
PCON                              0000008E
PEIE                              00000006
PIE1                              0000008C
PIR1                              0000000C
PISCA_200MS                       0000002D
PISCA_500MS                       00000034
PORTA                             00000005
PORTB                             00000006
PR2                               00000092
PS0                               00000000
PS1                               00000001
PS2                               00000002
PSA                               00000003
RA0                               00000000
RA1                               00000001
RA2                               00000002
RA3                               00000003
RA4                               00000004
RA5                               00000005
RA6                               00000006
RA7                               00000007
RB0                               00000000
RB1                               00000001
RB2                               00000002
RB3                               00000003
RB4                               00000004
RB5                               00000005
RB6                               00000006
RB7                               00000007
RBIE                              00000003
MPASM 5.71                         TRAB5.ASM   3-20-2024  10:34:52         PAGE  6


SYMBOL TABLE
  LABEL                             VALUE 

RBIF                              00000000
RCIE                              00000005
RCIF                              00000005
RCREG                             0000001A
RCSTA                             00000018
RD                                00000000
RP0                               00000005
RP1                               00000006
RX9                               00000006
RX9D                              00000000
SPBRG                             00000099
SPEN                              00000007
SREN                              00000005
STATUS                            00000003
SYNC                              00000004
T0CS                              00000005
T0IE                              00000005
T0IF                              00000002
T0SE                              00000004
T1CKPS0                           00000004
T1CKPS1                           00000005
T1CON                             00000010
T1OSCEN                           00000003
T2CKPS0                           00000000
T2CKPS1                           00000001
T2CON                             00000012
TMR0                              00000001
TMR0IE                            00000005
TMR0IF                            00000002
TMR1                              0000000E
TMR1CS                            00000001
TMR1H                             0000000F
TMR1IE                            00000000
TMR1IF                            00000000
TMR1L                             0000000E
TMR1ON                            00000000
TMR2                              00000011
TMR2IE                            00000001
TMR2IF                            00000001
TMR2ON                            00000002
TOUTPS0                           00000003
TOUTPS1                           00000004
TOUTPS2                           00000005
TOUTPS3                           00000006
TRISA                             00000085
TRISA0                            00000000
TRISA1                            00000001
TRISA2                            00000002
TRISA3                            00000003
TRISA4                            00000004
TRISA5                            00000005
TRISA6                            00000006
TRISA7                            00000007
MPASM 5.71                         TRAB5.ASM   3-20-2024  10:34:52         PAGE  7


SYMBOL TABLE
  LABEL                             VALUE 

TRISB                             00000086
TRISB0                            00000000
TRISB1                            00000001
TRISB2                            00000002
TRISB3                            00000003
TRISB4                            00000004
TRISB5                            00000005
TRISB6                            00000006
TRISB7                            00000007
TRMT                              00000001
TX9                               00000006
TX9D                              00000000
TXEN                              00000005
TXIE                              00000004
TXIF                              00000004
TXREG                             00000019
TXSTA                             00000098
VR0                               00000000
VR1                               00000001
VR2                               00000002
VR3                               00000003
VRCON                             0000009F
VREN                              00000007
VROE                              00000006
VRR                               00000005
V_DELAY_1                         0000007D
V_DELAY_2                         000000FA
V_DELAY_3                         00000084
V_DELAY_4                         000000FA
W                                 00000000
WR                                00000001
WREN                              00000002
WRERR                             00000003
Z                                 00000002
_BODEN_OFF                        00003FBF
_BODEN_ON                         00003FFF
_BOREN_OFF                        00003FBF
_BOREN_ON                         00003FFF
_CONFIG                           00002007
_CPD_OFF                          00003FFF
_CPD_ON                           00003EFF
_CP_OFF                           00003FFF
_CP_ON                            00001FFF
_DEVID1                           00002006
_ER_OSC_CLKOUT                    00003FFF
_ER_OSC_NOCLKOUT                  00003FFE
_EXTCLK_OSC                       00003FEF
_FOSC_ECIO                        00003FEF
_FOSC_EXTRCCLK                    00003FFF
_FOSC_EXTRCIO                     00003FFE
_FOSC_HS                          00003FEE
_FOSC_INTOSCCLK                   00003FFD
_FOSC_INTOSCIO                    00003FFC
MPASM 5.71                         TRAB5.ASM   3-20-2024  10:34:52         PAGE  8


SYMBOL TABLE
  LABEL                             VALUE 

_FOSC_LP                          00003FEC
_FOSC_XT                          00003FED
_HS_OSC                           00003FEE
_IDLOC0                           00002000
_IDLOC1                           00002001
_IDLOC2                           00002002
_IDLOC3                           00002003
_INTOSC_OSC_CLKOUT                00003FFD
_INTOSC_OSC_NOCLKOUT              00003FFC
_INTRC_OSC_CLKOUT                 00003FFD
_INTRC_OSC_NOCLKOUT               00003FFC
_LP_OSC                           00003FEC
_LVP_OFF                          00003F7F
_LVP_ON                           00003FFF
_MCLRE_OFF                        00003FDF
_MCLRE_ON                         00003FFF
_PWRTE_OFF                        00003FFF
_PWRTE_ON                         00003FF7
_RC_OSC_CLKOUT                    00003FFF
_RC_OSC_NOCLKOUT                  00003FFE
_WDTE_OFF                         00003FFB
_WDTE_ON                          00003FFF
_WDT_OFF                          00003FFB
_WDT_ON                           00003FFF
_XT_OSC                           00003FED
__16F628A                         00000001
bt1                               PORTA,1
bt2                               PORTA,2
bt3                               PORTA,3

Errors   :     0
Warnings :     1 reported,     0 suppressed
Messages :     1 reported,     0 suppressed

