MPASM 5.71                  CONTADOR0A10.ASM   3-8-2024  12:10:17         PAGE  1


LOC  OBJECT CODE     LINE SOURCE TEXT
  VALUE

                      00001 ; TODO INSERT CONFIG CODE HERE USING CONFIG BITS GENERATOR
                      00002 #include "p16f628a.inc"
                      00001         LIST
                      00002 
                      00003 ;==========================================================================
                      00004 ; Build date : Nov 17 2016
                      00005 ;  MPASM PIC16F628A processor include
                      00006 ; 
                      00007 ;  (c) Copyright 1999-2016 Microchip Technology, All rights reserved
                      00008 ;==========================================================================
                      00009 
                      00386         LIST
                      00003 
                      00004 ; CONFIG
                      00005 ; __config 0xFF70
2007   3F70           00006  __CONFIG _FOSC_INTOSCIO & _WDTE_OFF & _PWRTE_ON & _MCLRE_ON & _BOREN_ON & _LVP_OFF & _CPD_OFF & _CP_OFF
                      00007 
                      00008  ;Usando MEMORIA
                      00009  CBLOCK 0x20
  00000020            00010     FLAGS
  00000021            00011     FILTRO
  00000022            00012     UNIDADE  ;0x22
                      00013  ENDC
                      00014  
                      00015 ; Entrada
                      00016  #define    BOTAO   PORTA,1
                      00017  ;SAIDA
                      00018  #DEFINE    NUMERO  PORTB
                      00019  
                      00020  ;Variaveis
                      00021   #define    Ja_Li   FLAGS,0   ; nome do bit 0 da memoria 0x20 da FLAGS
                      00022   
                      00023 ;Constantes  
Warning[207]: Found label after column 1. (V_FILTRO)
  00000064            00024  V_FILTRO   equ     .100
                      00025 
                      00026 ;----- progmrama ------
                      00027 RES_VECT  CODE    0x0000            ; vetor de reset indica a posição inicial do programa da memoria fla
                            sh
0000   1683           00028     BSF     STATUS,RP0              ; selecionando o banco 1 da memoria RAM
0001   3000           00029     MOVLW   B'00000000'             ;W = B'11110000'    (240)
Message[302]: Register in operand not in bank 0.  Ensure that bank bits are correct.
0002   0086           00030     MOVWF   TRISB                   ;TRISB = B'11110000'        (240)
0003   1283           00031     BCF     STATUS,RP0              ; selecionando banco 0 da memoria ram
0004   01A2           00032     CLRF    UNIDADE                 ; ZERA UNIDADE
0005   0822           00033     MOVF    UNIDADE,W               ; MOVE UNIDADE PARA W
0006   2???           00034     CALL    ESCREVE_DISPLAY         ; Chama função para escrever no display
                      00035     ;CLRF    NUMERO                 ; ZERA (PORTB) = 0      ; apaga a lampada  (reseta o bit 0)
0007                  00036 _ZERA_JA_LI
0007   1020           00037     BCF     Ja_Li                   ; Zera a variavel JA_LI
0008   3064           00038     MOVLW   V_FILTRO                ; w = 50
0009   00A1           00039     MOVWF   FILTRO                  ; FIltro = 50
000A                  00040 _LE_BOTAO
MPASM 5.71                  CONTADOR0A10.ASM   3-8-2024  12:10:17         PAGE  2


LOC  OBJECT CODE     LINE SOURCE TEXT
  VALUE

000A   1885           00041     BTFSC   BOTAO                   ; le e testa o bit 1 do PORTA
000B   2???           00042     GOTO    _ZERA_JA_LI             ; volta no zera ja li                         
000C   1820           00043     BTFSC   Ja_Li       
000D   2???           00044     GOTO    _LE_BOTAO
000E   0BA1           00045     DECFSZ  FILTRO,F                ;decremente filtro e volta para f
000F   2???           00046     GOTO    _LE_BOTAO
0010   1420           00047     BSF     Ja_Li
0011   0AA2           00048     INCF    UNIDADE,F               ; UNIDADE ++
0012   300A           00049     MOVLW  .10          ;W = 10             ;FLAGS DA ULA (C,Z,DC) (C QUANDO ESTOURA A SOMA DO BIT), (Z 
                            -> ZERO) e (DC FOI 1 NO MEIO DO CAMINHO?,DO 4 PARA QUINTO)
0013   0222           00050     SUBWF   UNIDADE,W               ; W = UNIDADE - W
0014   1803           00051     BTFSC   STATUS,C                ;TESTA O BIT C QUE ESTA EM STATUS (TESTE NEGATIVO)
0015   01A2           00052     CLRF    UNIDADE                 ;ZERA UNIDADE
0016   0822           00053     MOVF    UNIDADE,W               ; MOVE UNIDADE PARA W
0017   2???           00054     CALL    ESCREVE_DISPLAY         ; Chama função para escrever no display
0018   0086           00055     MOVWF   NUMERO                  ; MOVENDO PARA PORTB QUE [E NUMERO
0019   2???           00056     GOTO    _LE_BOTAO
                      00057     
001A                  00058 ESCREVE_DISPLAY
001A   2???           00059     CALL    BUSCA_CODIGO            ; CHAMANDO FUNÇÃO BUSCA CODIGO
001B   0086           00060     MOVWF   NUMERO                  ;NUMERO = W (CODIGO DE 7 SEGMENTOS)
001C   0008           00061     RETURN                          ; RETORNA NA CHAMADA DE ROTINA
001D                  00062 BUSCA_CODIGO
001D   0782           00063     ADDWF   PCL,F
001E   34FE           00064     RETLW   .254
001F   3438           00065     RETLW   .56
0020   34DD           00066     RETLW   .221
0021   347D           00067     RETLW   .125
0022   343B           00068     RETLW   .59
0023   3477           00069     RETLW   .119
0024   34F7           00070     RETLW   .247
0025   343C           00071     RETLW   .60
0026   34FF           00072     RETLW   .255
0027   347F           00073     RETLW   .127
                      00074     
Warning[205]: Found directive in column 1. (END)
3F70                  00075 END
MPASM 5.71                  CONTADOR0A10.ASM   3-8-2024  12:10:17         PAGE  3


SYMBOL TABLE
  LABEL                             VALUE 

ADDEN                             00000003
ADEN                              00000003
BOTAO                             PORTA,1
BRGH                              00000002
BUSCA_CODIGO                      0000001D
C                                 00000000
C1INV                             00000004
C1OUT                             00000006
C2INV                             00000005
C2OUT                             00000007
CCP1CON                           00000017
CCP1IE                            00000002
CCP1IF                            00000002
CCP1M0                            00000000
CCP1M1                            00000001
CCP1M2                            00000002
CCP1M3                            00000003
CCP1X                             00000005
CCP1Y                             00000004
CCPR1                             00000015
CCPR1H                            00000016
CCPR1L                            00000015
CIS                               00000003
CM0                               00000000
CM1                               00000001
CM2                               00000002
CMCON                             0000001F
CMIE                              00000006
CMIF                              00000006
CREN                              00000004
CSRC                              00000007
DATA_CP_OFF                       00003FFF
DATA_CP_ON                        00003EFF
DC                                00000001
EEADR                             0000009B
EECON1                            0000009C
EECON2                            0000009D
EEDATA                            0000009A
EEIE                              00000007
EEIF                              00000007
ESCREVE_DISPLAY                   0000001A
F                                 00000001
FERR                              00000002
FILTRO                            00000021
FLAGS                             00000020
FSR                               00000004
GIE                               00000007
INDF                              00000000
INTCON                            0000000B
INTE                              00000004
INTEDG                            00000006
INTF                              00000001
IRP                               00000007
MPASM 5.71                  CONTADOR0A10.ASM   3-8-2024  12:10:17         PAGE  4


SYMBOL TABLE
  LABEL                             VALUE 

Ja_Li                             FLAGS,0
NOT_BO                            00000000
NOT_BOD                           00000000
NOT_BOR                           00000000
NOT_PD                            00000003
NOT_POR                           00000001
NOT_RBPU                          00000007
NOT_T1SYNC                        00000002
NOT_TO                            00000004
NUMERO                            PORTB
OERR                              00000001
OPTION_REG                        00000081
OSCF                              00000003
PCL                               00000002
PCLATH                            0000000A
PCON                              0000008E
PEIE                              00000006
PIE1                              0000008C
PIR1                              0000000C
PORTA                             00000005
PORTB                             00000006
PR2                               00000092
PS0                               00000000
PS1                               00000001
PS2                               00000002
PSA                               00000003
RA0                               00000000
RA1                               00000001
RA2                               00000002
RA3                               00000003
RA4                               00000004
RA5                               00000005
RA6                               00000006
RA7                               00000007
RB0                               00000000
RB1                               00000001
RB2                               00000002
RB3                               00000003
RB4                               00000004
RB5                               00000005
RB6                               00000006
RB7                               00000007
RBIE                              00000003
RBIF                              00000000
RCIE                              00000005
RCIF                              00000005
RCREG                             0000001A
RCSTA                             00000018
RD                                00000000
RP0                               00000005
RP1                               00000006
RX9                               00000006
RX9D                              00000000
MPASM 5.71                  CONTADOR0A10.ASM   3-8-2024  12:10:17         PAGE  5


SYMBOL TABLE
  LABEL                             VALUE 

SPBRG                             00000099
SPEN                              00000007
SREN                              00000005
STATUS                            00000003
SYNC                              00000004
T0CS                              00000005
T0IE                              00000005
T0IF                              00000002
T0SE                              00000004
T1CKPS0                           00000004
T1CKPS1                           00000005
T1CON                             00000010
T1OSCEN                           00000003
T2CKPS0                           00000000
T2CKPS1                           00000001
T2CON                             00000012
TMR0                              00000001
TMR0IE                            00000005
TMR0IF                            00000002
TMR1                              0000000E
TMR1CS                            00000001
TMR1H                             0000000F
TMR1IE                            00000000
TMR1IF                            00000000
TMR1L                             0000000E
TMR1ON                            00000000
TMR2                              00000011
TMR2IE                            00000001
TMR2IF                            00000001
TMR2ON                            00000002
TOUTPS0                           00000003
TOUTPS1                           00000004
TOUTPS2                           00000005
TOUTPS3                           00000006
TRISA                             00000085
TRISA0                            00000000
TRISA1                            00000001
TRISA2                            00000002
TRISA3                            00000003
TRISA4                            00000004
TRISA5                            00000005
TRISA6                            00000006
TRISA7                            00000007
TRISB                             00000086
TRISB0                            00000000
TRISB1                            00000001
TRISB2                            00000002
TRISB3                            00000003
TRISB4                            00000004
TRISB5                            00000005
TRISB6                            00000006
TRISB7                            00000007
TRMT                              00000001
MPASM 5.71                  CONTADOR0A10.ASM   3-8-2024  12:10:17         PAGE  6


SYMBOL TABLE
  LABEL                             VALUE 

TX9                               00000006
TX9D                              00000000
TXEN                              00000005
TXIE                              00000004
TXIF                              00000004
TXREG                             00000019
TXSTA                             00000098
UNIDADE                           00000022
VR0                               00000000
VR1                               00000001
VR2                               00000002
VR3                               00000003
VRCON                             0000009F
VREN                              00000007
VROE                              00000006
VRR                               00000005
V_FILTRO                          00000064
W                                 00000000
WR                                00000001
WREN                              00000002
WRERR                             00000003
Z                                 00000002
_BODEN_OFF                        00003FBF
_BODEN_ON                         00003FFF
_BOREN_OFF                        00003FBF
_BOREN_ON                         00003FFF
_CONFIG                           00002007
_CPD_OFF                          00003FFF
_CPD_ON                           00003EFF
_CP_OFF                           00003FFF
_CP_ON                            00001FFF
_DEVID1                           00002006
_ER_OSC_CLKOUT                    00003FFF
_ER_OSC_NOCLKOUT                  00003FFE
_EXTCLK_OSC                       00003FEF
_FOSC_ECIO                        00003FEF
_FOSC_EXTRCCLK                    00003FFF
_FOSC_EXTRCIO                     00003FFE
_FOSC_HS                          00003FEE
_FOSC_INTOSCCLK                   00003FFD
_FOSC_INTOSCIO                    00003FFC
_FOSC_LP                          00003FEC
_FOSC_XT                          00003FED
_HS_OSC                           00003FEE
_IDLOC0                           00002000
_IDLOC1                           00002001
_IDLOC2                           00002002
_IDLOC3                           00002003
_INTOSC_OSC_CLKOUT                00003FFD
_INTOSC_OSC_NOCLKOUT              00003FFC
_INTRC_OSC_CLKOUT                 00003FFD
_INTRC_OSC_NOCLKOUT               00003FFC
_LE_BOTAO                         0000000A
MPASM 5.71                  CONTADOR0A10.ASM   3-8-2024  12:10:17         PAGE  7


SYMBOL TABLE
  LABEL                             VALUE 

_LP_OSC                           00003FEC
_LVP_OFF                          00003F7F
_LVP_ON                           00003FFF
_MCLRE_OFF                        00003FDF
_MCLRE_ON                         00003FFF
_PWRTE_OFF                        00003FFF
_PWRTE_ON                         00003FF7
_RC_OSC_CLKOUT                    00003FFF
_RC_OSC_NOCLKOUT                  00003FFE
_WDTE_OFF                         00003FFB
_WDTE_ON                          00003FFF
_WDT_OFF                          00003FFB
_WDT_ON                           00003FFF
_XT_OSC                           00003FED
_ZERA_JA_LI                       00000007
__16F628A                         00000001

Errors   :     0
Warnings :     2 reported,     0 suppressed
Messages :     1 reported,     0 suppressed

